05-05-2024 18:00:04.023,-,SERIAL,"COM14 - 9600/8/N/1/N"


05-05-2024 18:02:30.095,10719,SENT,3030303030303030303030303030303030303030303030
05-05-2024 18:02:31.344,10720,SENT,3030303030303030303030303030303030303030303030
05-05-2024 18:02:32.695,10721,SENT,3030303030303030303030303030303030303030303030
05-05-2024 18:02:34.509,10722,SENT,3030303030303030303030303030303030303030303030
05-05-2024 18:02:46.271,10723,RECV,BC303130313436393130303030464441410D
05-05-2024 18:02:46.585,10724,RECV,BC303130313436463230303030464439430D
05-05-2024 18:02:46.896,10725,RECV,BC303130313436433130303030464441300D
05-05-2024 18:02:47.204,10726,RECV,BC303130313436433230303030464439460D
05-05-2024 18:02:47.515,10727,RECV,BC3031303134363432453030323031464433360D
05-05-2024 18:02:47.826,10728,RECV,BC3031303134363434453030323031464433340D
05-05-2024 18:02:48.141,10729,RECV,BC303130313436393130303030464441410D
05-05-2024 18:02:48.455,10730,RECV,BC303130313436463230303030464439430D
05-05-2024 18:02:48.769,10731,RECV,BC303130313436433130303030464441300D
05-05-2024 18:02:49.083,10732,RECV,BC303130313436433230303030464439460D
05-05-2024 18:02:49.394,10733,RECV,BC3031303134363432453030323031464433360D
05-05-2024 18:02:49.710,10734,RECV,BC3031303134363434453030323031464433340D
05-05-2024 18:02:50.019,10735,RECV,BC303130313436393130303030464441410D
05-05-2024 18:02:50.332,10736,RECV,BC303130313436463230303030464439430D
05-05-2024 18:02:50.642,10737,RECV,BC303130313436433130303030464441300D
05-05-2024 18:02:50.955,10738,RECV,BC303130313436433230303030464439460D
05-05-2024 18:02:51.267,10739,RECV,BC3031303134363432453030323031464433360D
05-05-2024 18:02:54.036,10740,SENT,3030303030303030303030303030303030303030303030
05-05-2024 18:02:58.719,10741,RECV,BC30323032343634344530
05-05-2024 18:02:58.781,10742,RECV,30323031464433320D
05-05-2024 18:02:59.033,10743,RECV,BC303230323436393130303030
05-05-2024 18:02:59.095,10744,RECV,464441380D
05-05-2024 18:02:59.344,10745,RECV,BC303230323436463230303030464439410D
05-05-2024 18:02:59.654,10746,RECV,BC303230323436433130303030464439450D
05-05-2024 18:02:59.968,10747,RECV,BC303230323436433230303030464439440D
05-05-2024 18:03:00.278,10748,RECV,BC303230323436343245303032303146
05-05-2024 18:03:00.343,10749,RECV,4433340D
05-05-2024 18:03:00.591,10750,RECV,BC3032303234363434453030323031464433320D
05-05-2024 18:03:00.902,10751,RECV,BC303230323436393130303030464441380D
05-05-2024 18:03:01.208,10752,RECV,BC303230323436463230303030464439
05-05-2024 18:03:01.270,10753,RECV,410D
05-05-2024 18:03:01.519,10754,RECV,BC303230323436433130303030464439450D
05-05-2024 18:03:01.830,10755,RECV,BC303230323436433230303030464439440D
05-05-2024 18:03:02.142,10756,RECV,BC3032303234363432453030323031464433340D
05-05-2024 18:03:02.452,10757,RECV,BC3032303234363434453030323031464433320D
05-05-2024 18:03:02.765,10758,RECV,BC303230323436393130303030464441380D
05-05-2024 18:03:03.076,10759,RECV,BC303230323436463230303030464439410D
05-05-2024 18:03:03.387,10760,RECV,BC303230323436433130303030464439
05-05-2024 18:03:03.450,10761,RECV,450D
05-05-2024 18:03:03.702,10762,RECV,BC303230323436433230303030464439440D
05-05-2024 18:03:04.011,10763,RECV,BC303230323436343245303032303146
05-05-2024 18:03:04.072,10764,RECV,4433340D
05-05-2024 18:03:07.164,10765,SENT,3030303030303030303030303030303030303030303030
05-05-2024 18:03:07.380,10766,SENT,3030303030303030303030303030303030303030303030
05-05-2024 18:03:14.147,10767,RECV,BC3033303334363434453030323031464433300D
05-05-2024 18:03:14.456,10768,RECV,BC303330333436393130303030464441360D
05-05-2024 18:03:14.768,10769,RECV,BC303330333436463230303030464439380D
05-05-2024 18:03:15.082,10770,RECV,BC303330333436433130303030464439430D
05-05-2024 18:03:15.392,10771,RECV,BC303330333436433230303030464439420D
05-05-2024 18:03:15.708,10772,RECV,BC3033303334363432453030323031464433320D
05-05-2024 18:03:16.023,10773,RECV,BC3033303334363434453030323031464433300D
05-05-2024 18:03:16.331,10774,RECV,BC303330333436393130303030464441360D
05-05-2024 18:03:16.643,10775,RECV,BC303330333436463230303030464439380D
05-05-2024 18:03:16.958,10776,RECV,BC303330333436433130303030464439430D
05-05-2024 18:03:17.269,10777,RECV,BC303330333436433230303030464439420D
05-05-2024 18:03:17.578,10778,RECV,BC3033303334363432453030323031464433320D
05-05-2024 18:03:17.891,10779,RECV,BC3033303334363434453030323031464433300D
05-05-2024 18:03:18.207,10780,RECV,BC303330333436393130303030464441360D
05-05-2024 18:03:18.518,10781,RECV,BC303330333436463230303030464439380D
05-05-2024 18:03:18.829,10782,RECV,BC303330333436433130303030464439430D
05-05-2024 18:03:22.391,10783,SENT,3030303030303030303030303030303030303030303030
05-05-2024 18:03:22.528,10784,SENT,3030303030303030303030303030303030303030303030
05-05-2024 18:03:22.747,10785,SENT,3030303030303030303030303030303030303030303030
05-05-2024 18:03:28.716,10786,RECV,BC303430343436433230303030464439390D
05-05-2024 18:03:29.027,10787,RECV,BC3034303434363432453030323031464433300D
05-05-2024 18:03:29.340,10788,RECV,BC3034303434363434453030323031464432450D
05-05-2024 18:03:29.650,10789,RECV,BC303430343436393130303030464441340D
05-05-2024 18:03:29.962,10790,RECV,BC303430343436463230303030464439360D
05-05-2024 18:03:30.273,10791,RECV,BC303430343436433130303030464439410D
05-05-2024 18:03:30.586,10792,RECV,BC303430343436433230303030464439390D
05-05-2024 18:03:30.899,10793,RECV,BC3034303434363432453030323031464433300D
05-05-2024 18:03:31.213,10794,RECV,BC3034303434363434453030323031464432450D
05-05-2024 18:03:31.523,10795,RECV,BC303430343436393130303030464441340D
05-05-2024 18:03:31.834,10796,RECV,BC303430343436463230303030464439360D
05-05-2024 18:03:32.148,10797,RECV,BC303430343436433130303030464439410D
05-05-2024 18:03:32.459,10798,RECV,BC303430343436433230303030464439390D
05-05-2024 18:03:32.768,10799,RECV,BC3034303434363432453030323031464433300D
05-05-2024 18:03:33.080,10800,RECV,BC3034303434363434453030323031464432450D
05-05-2024 18:03:33.389,10801,RECV,BC303430343436393130303030464441340D
05-05-2024 18:03:36.781,10802,SENT,3030303030303030303030303030303030303030303030
05-05-2024 18:03:37.004,10803,SENT,3030303030303030303030303030303030303030303030
05-05-2024 18:03:42.403,10804,RECV,BC303530353436463230303030464439340D
05-05-2024 18:03:42.715,10805,RECV,BC303530353436433130303030464439380D
05-05-2024 18:03:43.030,10806,RECV,BC303530353436433230303030464439370D
05-05-2024 18:03:43.339,10807,RECV,BC3035303534363432453030323031464432450D
05-05-2024 18:03:43.651,10808,RECV,BC3035303534363434453030323031464432430D
05-05-2024 18:03:43.958,10809,RECV,BC303530353436393130303030464441320D
05-05-2024 18:03:44.270,10810,RECV,BC303530353436463230303030464439340D
05-05-2024 18:03:44.579,10811,RECV,BC303530353436433130303030464439380D
05-05-2024 18:03:44.892,10812,RECV,BC303530353436433230303030464439370D
05-05-2024 18:03:45.204,10813,RECV,BC3035303534363432453030323031464432450D
05-05-2024 18:03:45.516,10814,RECV,BC3035303534363434453030323031464432430D
05-05-2024 18:03:45.827,10815,RECV,BC303530353436393130303030464441320D
05-05-2024 18:03:46.138,10816,RECV,BC303530353436463230303030464439340D
05-05-2024 18:03:46.450,10817,RECV,BC303530353436433130303030464439380D
05-05-2024 18:03:46.762,10818,RECV,BC303530353436433230303030464439370D
05-05-2024 18:03:47.072,10819,RECV,BC3035303534363432453030323031464432450D
05-05-2024 18:03:47.381,10820,RECV,BC3035303534363434453030323031464432430D
05-05-2024 18:03:47.696,10821,RECV,BC303530353436393130303030464441320D
05-05-2024 18:03:51.063,10822,SENT,3030303030303030303030303030303030303030303030
05-05-2024 18:03:51.193,10823,SENT,3030303030303030303030303030303030303030303030
05-05-2024 18:03:51.422,10824,SENT,3030303030303030303030303030303030303030303030
05-05-2024 18:03:55.216,10825,RECV,BC303630363436463230303030464439320D
05-05-2024 18:03:55.526,10826,RECV,BC303630363436433130303030464439360D
05-05-2024 18:03:55.838,10827,RECV,BC303630363436433230303030464439350D
05-05-2024 18:03:56.151,10828,RECV,BC3036303634363432453030323031464432430D
05-05-2024 18:03:56.462,10829,RECV,BC3036303634363434453030323031464432410D
05-05-2024 18:03:56.772,10830,RECV,BC303630363436393130303030464441300D
05-05-2024 18:03:57.086,10831,RECV,BC303630363436463230303030464439320D
05-05-2024 18:03:57.399,10832,RECV,BC303630363436433130303030464439360D
05-05-2024 18:03:57.710,10833,RECV,BC303630363436433230303030464439350D
05-05-2024 18:03:58.019,10834,RECV,BC3036303634363432453030323031464432430D
05-05-2024 18:03:58.329,10835,RECV,BC3036303634363434453030323031464432410D
05-05-2024 18:03:58.638,10836,RECV,BC303630363436393130303030464441300D
05-05-2024 18:03:58.948,10837,RECV,BC303630363436463230303030464439320D
05-05-2024 18:03:59.260,10838,RECV,BC303630363436433130303030464439360D
05-05-2024 18:04:06.795,10839,SENT,3030303030303030303030303030303030303030303030
05-05-2024 18:04:06.969,10840,SENT,3030303030303030303030303030303030303030303030
05-05-2024 18:04:07.104,10841,SENT,3030303030303030303030303030303030303030303030
05-05-2024 18:04:07.322,10842,SENT,3030303030303030303030303030303030303030303030
05-05-2024 18:04:57.387,10843,RECV,BC303730373436433230303030464439330D
05-05-2024 18:04:57.697,10844,RECV,BC3037303734363432453030323031464432410D
05-05-2024 18:04:58.007,10845,RECV,BC3037303734363434453030323031464432380D
05-05-2024 18:04:58.319,10846,RECV,BC303730373436393130303030464439450D
05-05-2024 18:04:58.628,10847,RECV,BC303730373436463230303030464439300D
05-05-2024 18:04:58.939,10848,RECV,BC303730373436433130303030464439340D
05-05-2024 18:04:59.244,10849,RECV,BC303730373436433230303030464439330D
05-05-2024 18:04:59.551,10850,RECV,BC3037303734363432453030323031464432410D
05-05-2024 18:04:59.859,10851,RECV,BC3037303734363434453030323031464432380D
05-05-2024 18:05:00.172,10852,RECV,BC303730373436393130303030464439450D
05-05-2024 18:05:00.479,10853,RECV,BC303730373436463230303030464439300D
05-05-2024 18:05:00.793,10854,RECV,BC303730373436433130303030464439340D
05-05-2024 18:05:01.100,10855,RECV,BC303730373436433230303030464439330D
05-05-2024 18:05:01.408,10856,RECV,BC3037303734363432453030323031464432410D
05-05-2024 18:05:01.721,10857,RECV,BC3037303734363434453030323031464432380D
05-05-2024 18:05:02.029,10858,RECV,BC303730373436393130303030464439450D
05-05-2024 18:05:02.339,10859,RECV,BC303730373436463230303030464439300D
05-05-2024 18:05:05.629,10860,SENT,3030303030303030303030303030303030303030303030
05-05-2024 18:05:05.801,10861,SENT,3030303030303030303030303030303030303030303030
05-05-2024 18:05:06.029,10862,SENT,3030303030303030303030303030303030303030303030
05-05-2024 18:05:09.706,10863,RECV,BC303830383436433130303030464439320D
05-05-2024 18:05:10.021,10864,RECV,BC303830383436433230303030464439310D
05-05-2024 18:05:10.331,10865,RECV,BC30383038343634324530303230314644
05-05-2024 18:05:10.393,10866,RECV,32380D
05-05-2024 18:05:10.643,10867,RECV,BC3038303834363434453030323031464432360D
05-05-2024 18:05:10.952,10868,RECV,BC303830383436393130303030464439430D
05-05-2024 18:05:11.261,10869,RECV,BC3038303834364632303030304644
05-05-2024 18:05:11.324,10870,RECV,38450D
05-05-2024 18:05:11.573,10871,RECV,BC303830383436433130303030464439320D
05-05-2024 18:05:11.885,10872,RECV,BC3038303834364332303030304644
05-05-2024 18:05:11.947,10873,RECV,39310D
05-05-2024 18:05:12.196,10874,RECV,BC3038303834363432453030323031464432380D
05-05-2024 18:05:12.504,10875,RECV,BC3038303834363434453030323031464432360D
05-05-2024 18:05:12.818,10876,RECV,BC303830383436393130303030464439430D
05-05-2024 18:05:13.128,10877,RECV,BC303830383436463230303030464438450D
05-05-2024 18:05:13.442,10878,RECV,BC303830383436433130303030464439320D
05-05-2024 18:05:13.754,10879,RECV,BC303830383436433230303030464439310D
05-05-2024 18:05:14.062,10880,RECV,BC30383038343634324530303230314644
05-05-2024 18:05:14.124,10881,RECV,32380D
05-05-2024 18:05:14.376,10882,RECV,BC3038303834363434453030323031464432360D
05-05-2024 18:05:17.345,10883,SENT,3030303030303030303030303030303030303030303030
05-05-2024 18:05:17.559,10884,SENT,3030303030303030303030303030303030303030303030
05-05-2024 18:05:17.775,10885,SENT,3030303030303030303030303030303030303030303030
05-05-2024 18:05:21.778,10886,RECV,BC303930393436393130303030464439410D
05-05-2024 18:05:22.091,10887,RECV,BC30393039343646323030303046
05-05-2024 18:05:22.092,10888,RECV,4438430D
05-05-2024 18:05:22.406,10889,RECV,BC303930393436433130303030464439300D
05-05-2024 18:05:22.720,10890,RECV,BC303930393436433230303030464438460D
05-05-2024 18:05:23.034,10891,RECV,BC3039303934363432453030323031
05-05-2024 18:05:23.096,10892,RECV,464432360D
05-05-2024 18:05:23.348,10893,RECV,BC3039303934363434453030323031464432340D
05-05-2024 18:05:23.664,10894,RECV,BC303930393436393130303030464439410D
05-05-2024 18:05:23.979,10895,RECV,BC303930393436463230303030464438
05-05-2024 18:05:24.042,10896,RECV,430D
05-05-2024 18:05:24.289,10897,RECV,BC303930393436433130303030464439300D
05-05-2024 18:05:25.776,10898,RECV,BC3039303934364332
05-05-2024 18:05:25.840,10899,RECV,30303030464438460D
05-05-2024 18:05:26.088,10900,RECV,BC30393039
05-05-2024 18:05:26.150,10901,RECV,34363432453030323031464432360D
05-05-2024 18:05:26.462,10902,RECV,BC3039303934363434453030323031464432340D
05-05-2024 18:05:26.711,10903,RECV,BC3039303934
05-05-2024 18:05:26.775,10904,RECV,36393130303030464439410D
05-05-2024 18:05:27.025,10905,RECV,BC3039303934364632303030
05-05-2024 18:05:27.088,10906,RECV,30464438430D
05-05-2024 18:05:27.338,10907,RECV,BC3039
05-05-2024 18:05:27.402,10908,RECV,30393436433130303030464439300D
05-05-2024 18:05:27.652,10909,RECV,BC3039303934364332
05-05-2024 18:05:27.715,10910,RECV,30303030464438460D
05-05-2024 18:05:27.967,10911,RECV,BC
05-05-2024 18:05:28.028,10912,RECV,3039303934363432453030323031464432360D
05-05-2024 18:05:28.279,10913,RECV,BC3039303934
05-05-2024 18:05:28.343,10914,RECV,363434453030323031464432340D
05-05-2024 18:05:31.089,10915,SENT,3030303030303030303030303030303030303030303030
05-05-2024 18:05:31.258,10916,SENT,3030303030303030303030303030303030303030303030
05-05-2024 18:05:31.421,10917,SENT,3030303030303030303030303030303030303030303030
05-05-2024 18:05:31.625,10918,SENT,3030303030303030303030303030303030303030303030
05-05-2024 18:05:31.839,10919,SENT,3030303030303030303030303030303030303030303030
05-05-2024 18:05:34.194,10920,RECV,BC304130413436393130303030464438410D
05-05-2024 18:05:34.504,10921,RECV,BC304130413436463230303030464437430D
05-05-2024 18:05:34.817,10922,RECV,BC304130413436433130303030464438300D
05-05-2024 18:05:35.126,10923,RECV,BC3041304134364332303030304644
05-05-2024 18:05:35.187,10924,RECV,37460D
05-05-2024 18:05:35.435,10925,RECV,BC3041304134363432453030323031464431360D
05-05-2024 18:05:35.745,10926,RECV,BC3041304134363434453030323031464431340D
05-05-2024 18:05:36.054,10927,RECV,BC304130413436393130303030464438
05-05-2024 18:05:36.117,10928,RECV,410D
05-05-2024 18:05:36.367,10929,RECV,BC304130413436463230303030464437430D
05-05-2024 18:05:36.679,10930,RECV,BC304130413436433130303030464438
05-05-2024 18:05:36.740,10931,RECV,300D
05-05-2024 18:05:36.989,10932,RECV,BC304130413436433230303030464437460D
05-05-2024 18:05:37.303,10933,RECV,BC304130413436343245303032303146
05-05-2024 18:05:37.367,10934,RECV,4431360D
05-05-2024 18:05:37.616,10935,RECV,BC3041304134363434453030323031464431340D
05-05-2024 18:05:40.653,10936,SENT,3030303030303030303030303030303030303030303030
05-05-2024 18:05:40.834,10937,SENT,3030303030303030303030303030303030303030303030
05-05-2024 18:05:41.022,10938,SENT,3030303030303030303030303030303030303030303030
05-05-2024 18:05:41.238,10939,SENT,3030303030303030303030303030303030303030303030
05-05-2024 18:05:47.051,10940,RECV,BC304230423436393130303030464438380D
05-05-2024 18:05:47.364,10941,RECV,BC304230423436463230303030464437410D
05-05-2024 18:05:47.673,10942,RECV,BC304230423436433130303030464437450D
05-05-2024 18:05:47.987,10943,RECV,BC304230423436433230303030464437440D
05-05-2024 18:05:48.298,10944,RECV,BC3042304234363432453030323031464431340D
05-05-2024 18:05:48.606,10945,RECV,BC3042304234363434453030323031464431320D
05-05-2024 18:05:48.921,10946,RECV,BC304230423436393130303030464438380D
05-05-2024 18:05:49.235,10947,RECV,BC304230423436463230303030464437410D
05-05-2024 18:05:49.545,10948,RECV,BC304230423436433130303030464437450D
05-05-2024 18:05:49.853,10949,RECV,BC304230423436433230303030464437440D
05-05-2024 18:05:50.164,10950,RECV,BC3042304234363432453030323031464431340D
05-05-2024 18:05:50.477,10951,RECV,BC3042304234363434453030323031464431320D
05-05-2024 18:05:50.787,10952,RECV,BC304230423436393130303030464438380D
05-05-2024 18:05:51.099,10953,RECV,BC304230423436463230303030464437410D
05-05-2024 18:05:51.410,10954,RECV,BC304230423436433130303030464437450D
05-05-2024 18:05:51.717,10955,RECV,BC304230423436433230303030464437440D
05-05-2024 18:05:52.027,10956,RECV,BC3042304234363432453030323031464431340D
05-05-2024 18:05:52.339,10957,RECV,BC3042304234363434453030323031464431320D
05-05-2024 18:05:55.071,10958,SENT,3030303030303030303030303030303030303030303030
05-05-2024 18:05:55.257,10959,SENT,3030303030303030303030303030303030303030303030
05-05-2024 18:05:55.441,10960,SENT,3030303030303030303030303030303030303030303030
05-05-2024 18:05:55.618,10961,SENT,3030303030303030303030303030303030303030303030
05-05-2024 18:05:55.799,10962,SENT,3030303030303030303030303030303030303030303030
05-05-2024 18:06:00.992,10963,RECV,BC304330433436393130303030464438360D
05-05-2024 18:06:01.241,10964,RECV,BC30433043343646323030
05-05-2024 18:06:01.303,10965,RECV,3030464437380D
05-05-2024 18:06:01.550,10966,RECV,BC30433043
05-05-2024 18:06:01.612,10967,RECV,3436433130303030464437430D
05-05-2024 18:06:01.921,10968,RECV,BC304330433436433230303030464437420D
05-05-2024 18:06:02.170,10969,RECV,BC304330433436343245
05-05-2024 18:06:02.233,10970,RECV,3030323031464431320D
05-05-2024 18:06:02.483,10971,RECV,BC
05-05-2024 18:06:02.547,10972,RECV,3043304334363434453030323031464431300D
05-05-2024 18:06:02.798,10973,RECV,BC3043304334
05-05-2024 18:06:02.861,10974,RECV,36393130303030464438360D
05-05-2024 18:06:03.114,10975,RECV,BC304330433436463230
05-05-2024 18:06:03.177,10976,RECV,303030464437380D
05-05-2024 18:06:03.425,10977,RECV,BC304330
05-05-2024 18:06:03.486,10978,RECV,433436433130303030464437430D
05-05-2024 18:06:03.739,10979,RECV,BC304330433436433230
05-05-2024 18:06:03.802,10980,RECV,303030464437420D
05-05-2024 18:06:04.049,10981,RECV,BC304330
05-05-2024 18:06:04.111,10982,RECV,4334363432453030323031464431320D
05-05-2024 18:06:04.420,10983,RECV,BC3043304334363434453030323031464431300D
05-05-2024 18:06:04.671,10984,RECV,BC304330433436
05-05-2024 18:06:04.732,10985,RECV,393130303030464438360D
05-05-2024 18:06:05.046,10986,RECV,BC304330433436463230303030464437380D
05-05-2024 18:06:05.296,10987,RECV,BC30433043
05-05-2024 18:06:05.360,10988,RECV,3436433130303030464437430D
05-05-2024 18:06:05.610,10989,RECV,BC304330433436433230303030464437
05-05-2024 18:06:05.668,10990,RECV,420D
05-05-2024 18:06:05.915,10991,RECV,BC304330433436343245
05-05-2024 18:06:05.977,10992,RECV,3030323031464431320D
05-05-2024 18:06:06.226,10993,RECV,BC304330
05-05-2024 18:06:06.288,10994,RECV,4334363434453030323031464431300D
05-05-2024 18:06:11.424,10995,SENT,3030303030303030303030303030303030303030303030
05-05-2024 18:06:11.599,10996,SENT,3030303030303030303030303030303030303030303030
05-05-2024 18:06:11.787,10997,SENT,3030303030303030303030303030303030303030303030
05-05-2024 18:06:11.947,10998,SENT,3030303030303030303030303030303030303030303030
05-05-2024 18:06:12.169,10999,SENT,3030303030303030303030303030303030303030303030
05-05-2024 18:06:18.040,11000,RECV,BC304430443436393130303030464438340D
05-05-2024 18:06:18.350,11001,RECV,BC304430443436463230303030464437360D
05-05-2024 18:06:18.665,11002,RECV,BC304430443436433130303030464437410D
05-05-2024 18:06:18.973,11003,RECV,BC304430443436433230303030464437390D
05-05-2024 18:06:19.282,11004,RECV,BC3044304434363432453030323031464431300D
05-05-2024 18:06:19.592,11005,RECV,BC3044304434363434453030323031464430450D
05-05-2024 18:06:19.903,11006,RECV,BC304430443436393130303030464438340D
05-05-2024 18:06:20.217,11007,RECV,BC304430443436463230303030464437360D
05-05-2024 18:06:20.529,11008,RECV,BC304430443436433130303030464437410D
05-05-2024 18:06:20.841,11009,RECV,BC304430443436433230303030464437390D
05-05-2024 18:06:21.151,11010,RECV,BC3044304434363432453030323031464431300D
05-05-2024 18:06:21.463,11011,RECV,BC3044304434363434453030323031464430450D
05-05-2024 18:06:21.772,11012,RECV,BC304430443436393130303030464438340D
05-05-2024 18:06:22.084,11013,RECV,BC304430443436463230303030464437360D
05-05-2024 18:06:22.393,11014,RECV,BC304430443436433130303030464437410D
05-05-2024 18:06:24.725,11015,SENT,3030303030303030303030303030303030303030303030
05-05-2024 18:06:24.895,11016,SENT,3030303030303030303030303030303030303030303030
05-05-2024 18:06:25.065,11017,SENT,3030303030303030303030303030303030303030303030
05-05-2024 18:06:25.225,11018,SENT,3030303030303030303030303030303030303030303030
05-05-2024 18:06:25.449,11019,SENT,3030303030303030303030303030303030303030303030
05-05-2024 18:06:29.739,11020,RECV,BC304530453436433230303030464437370D
05-05-2024 18:06:30.049,11021,RECV,BC304530453436343245303032303146
05-05-2024 18:06:30.111,11022,RECV,4430450D
05-05-2024 18:06:30.365,11023,RECV,BC3045304534363434453030323031464430430D
05-05-2024 18:06:30.675,11024,RECV,BC304530453436393130303030464438
05-05-2024 18:06:30.733,11025,RECV,320D
05-05-2024 18:06:30.984,11026,RECV,BC304530453436463230303030464437340D
05-05-2024 18:06:31.295,11027,RECV,BC304530453436433130303030464437380D
05-05-2024 18:06:31.604,11028,RECV,BC304530453436433230303030
05-05-2024 18:06:31.667,11029,RECV,464437370D
05-05-2024 18:06:31.918,11030,RECV,BC3045304534363432453030323031464430450D
05-05-2024 18:06:32.230,11031,RECV,BC3045304534363434453030323031464430430D
05-05-2024 18:06:32.544,11032,RECV,BC304530453436393130303030464438320D
05-05-2024 18:06:32.859,11033,RECV,BC304530453436463230303030464437340D
05-05-2024 18:06:33.166,11034,RECV,BC304530453436433130303030464437380D
05-05-2024 18:06:33.478,11035,RECV,BC30453045343643323030303046
05-05-2024 18:06:33.539,11036,RECV,4437370D
05-05-2024 18:06:40.110,11037,SENT,3030303030303030303030303030303030303030303030
05-05-2024 18:06:42.069,11038,SENT,3030303030303030303030303030303030303030303030
05-05-2024 18:06:42.234,11039,SENT,3030303030303030303030303030303030303030303030
05-05-2024 18:06:42.463,11040,SENT,3030303030303030303030303030303030303030303030
05-05-2024 18:06:46.283,11041,RECV,BC3046304634363432453030323031464430430D
05-05-2024 18:06:46.595,11042,RECV,BC3046304634363434453030323031464430410D
05-05-2024 18:06:46.907,11043,RECV,BC304630463436393130303030464438300D
05-05-2024 18:06:47.219,11044,RECV,BC304630463436463230303030464437320D
05-05-2024 18:06:47.531,11045,RECV,BC304630463436433130303030464437360D
05-05-2024 18:06:47.843,11046,RECV,BC304630463436433230303030464437350D
05-05-2024 18:06:48.156,11047,RECV,BC3046304634363432453030323031464430430D
05-05-2024 18:06:48.466,11048,RECV,BC3046304634363434453030323031464430410D
05-05-2024 18:06:48.777,11049,RECV,BC304630463436393130303030464438300D
05-05-2024 18:06:49.091,11050,RECV,BC304630463436463230303030464437320D
05-05-2024 18:06:49.400,11051,RECV,BC304630463436433130303030464437360D
05-05-2024 18:06:52.669,11052,SENT,3030303030303030303030303030303030303030303030
05-05-2024 18:06:52.834,11053,SENT,3030303030303030303030303030303030303030303030
05-05-2024 18:06:53.062,11054,SENT,3030303030303030303030303030303030303030303030
05-05-2024 18:06:57.298,11055,RECV,BC313031303436433230303030464439460D
05-05-2024 18:06:57.610,11056,RECV,BC3130313034363432453030323031464433360D
05-05-2024 18:06:57.917,11057,RECV,BC3130313034363434453030323031464433340D
05-05-2024 18:06:58.228,11058,RECV,BC313031303436393130303030464441410D
05-05-2024 18:06:58.539,11059,RECV,BC313031303436463230303030464439430D
05-05-2024 18:06:58.850,11060,RECV,BC313031303436433130303030464441300D
05-05-2024 18:06:59.157,11061,RECV,BC313031303436433230303030464439460D
05-05-2024 18:06:59.469,11062,RECV,BC3130313034363432453030323031464433360D
05-05-2024 18:06:59.776,11063,RECV,BC3130313034363434453030323031464433340D
05-05-2024 18:07:06.845,11064,SENT,3030303030303030303030303030303030303030303030
05-05-2024 18:07:07.001,11065,SENT,3030303030303030303030303030303030303030303030
05-05-2024 18:07:07.180,11066,SENT,3030303030303030303030303030303030303030303030
05-05-2024 18:07:07.381,11067,SENT,3030303030303030303030303030303030303030303030
